<?xml version="1.0" encoding="UTF-8"?>
<!-- Generated by org.testng.reporters.JUnitXMLReporter -->
<testsuite ignored="3" hostname="WUSSC250374-ZV8" failures="0" tests="1" name="Default test" time="6.372" errors="0" timestamp="2024-12-04T06:04:13 PST">
  <testcase classname="twice.test.OpenAccountTest" name="testOpenAccount" time="3.246"/>
  <testcase classname="twice.test.OpenAccountTest" name="testEmptyEmail" time="0.0">
    <ignored/>
  </testcase> <!-- testEmptyEmail -->
  <testcase classname="twice.test.OpenAccountTest" name="testInvalidEmailFormats" time="0.0">
    <ignored/>
  </testcase> <!-- testInvalidEmailFormats -->
  <testcase classname="twice.test.OpenAccountTest" name="testRedirectSignInPage" time="0.0">
    <ignored/>
  </testcase> <!-- testRedirectSignInPage -->
</testsuite> <!-- Default test -->
