<?xml version="1.0" encoding="UTF-8"?>
<testng-results ignored="0" total="1" passed="1" failed="0" skipped="0">
  <reporter-output>
  </reporter-output>
  <suite started-at="2024-12-04T06:04:07 PST" name="Default suite" finished-at="2024-12-04T06:04:13 PST" duration-ms="6372">
    <groups>
    </groups>
    <test started-at="2024-12-04T06:04:07 PST" name="Default test" finished-at="2024-12-04T06:04:13 PST" duration-ms="6372">
      <class name="twice.test.OpenAccountTest">
        <test-method is-config="true" signature="open_app()[pri:0, instance:twice.test.OpenAccountTest@3ce1e309]" started-at="2024-12-04T06:04:07 PST" name="open_app" finished-at="2024-12-04T06:04:10 PST" duration-ms="3020" status="PASS">
          <reporter-output>
          </reporter-output>
        </test-method> <!-- open_app -->
        <test-method is-config="true" signature="setUp()[pri:0, instance:twice.test.OpenAccountTest@3ce1e309]" started-at="2024-12-04T06:04:10 PST" name="setUp" finished-at="2024-12-04T06:04:10 PST" duration-ms="58" status="PASS">
          <reporter-output>
          </reporter-output>
        </test-method> <!-- setUp -->
        <test-method signature="testOpenAccount()[pri:0, instance:twice.test.OpenAccountTest@3ce1e309]" started-at="2024-12-04T06:04:10 PST" name="testOpenAccount" finished-at="2024-12-04T06:04:13 PST" duration-ms="3246" status="PASS">
          <reporter-output>
          </reporter-output>
        </test-method> <!-- testOpenAccount -->
      </class> <!-- twice.test.OpenAccountTest -->
    </test> <!-- Default test -->
  </suite> <!-- Default suite -->
</testng-results>
